
2024-01-08T06:31:10.713Z [error]: Unhandled Rejection:[
  {
    "code": "custom",
    "message": "Invalid password. It should be at least 8 characters long and contain at least one lowercase letter, one uppercase letter, one digit, and one special character.",
    "path": [
      "password"
    ]
  }
] 
2024-01-08T06:36:28.769Z [error]: Unhandled Exception: 
2024-01-08T06:36:55.877Z [error]: Unhandled Exception:TypeError: Cannot read properties of undefined (reading 'request') 
2024-01-08T06:38:05.215Z [error]: Unhandled Rejection:[
  {
    "code": "custom",
    "message": "Invalid password. It should be at least 8 characters long and contain at least one lowercase letter, one uppercase letter, one digit, and one special character.",
    "path": [
      "password"
    ]
  }
] 
2024-01-08T06:42:05.303Z [error]: Unhandled Rejection[object Object] 
2024-01-08T06:42:42.081Z [error]: Unhandled Rejection[
  {
    "code": "custom",
    "message": "Invalid password. It should be at least 8 characters long and contain at least one lowercase letter, one uppercase letter, one digit, and one special character.",
    "path": [
      "password"
    ]
  }
][object Object] 
2024-01-08T06:44:44.498Z [error]: Unhandled Rejection 
2024-01-08T06:46:00.326Z [error]: Unhandled Rejection 
2024-01-08T06:47:09.820Z [error]: Unhandled Rejection{"issues":[{"code":"custom","message":"Invalid password. It should be at least 8 characters long and contain at least one lowercase letter, one uppercase letter, one digit, and one special character.","path":["password"]}],"name":"ZodError"}{"route":"unknown"} 
2024-01-08T06:48:07.505Z [error]: Unhandled Rejection{"code":"ERR_HTTP_HEADERS_SENT"}{"route":"unknown"} 
2024-01-08T06:49:50.933Z [error]: Unhandled Rejection{"code":"ERR_HTTP_HEADERS_SENT"}{"route":"unknown"} 
2024-01-08T06:51:37.762Z [error]: Unhandled Rejection{"code":"ERR_HTTP_HEADERS_SENT"}{"route":"unknown"} 
2024-01-08T06:52:09.123Z [error]: Unhandled Rejection{"code":"ERR_HTTP_HEADERS_SENT"}{"route":"unknown"} 
2024-01-08T06:53:59.598Z [error]: Unhandled Rejection{"code":"ERR_HTTP_HEADERS_SENT"}{"route":"unknown"} 
2024-01-08T06:56:33.821Z [error]: Unhandled Rejection{"issues":[{"code":"custom","message":"Invalid password. It should be at least 8 characters long and contain at least one lowercase letter, one uppercase letter, one digit, and one special character.","path":["password"]}],"name":"ZodError"}{"route":"unknown"} 
2024-01-08T06:57:53.296Z [error]: Unhandled Rejection{"issues":[{"code":"custom","message":"Invalid password. It should be at least 8 characters long and contain at least one lowercase letter, one uppercase letter, one digit, and one special character.","path":["password"]}],"name":"ZodError"}{"route":"unknown"} 
2024-01-08T07:02:15.912Z [error]: Unhandled Rejection{"issues":[{"code":"custom","message":"Invalid password. It should be at least 8 characters long and contain at least one lowercase letter, one uppercase letter, one digit, and one special character.","path":["password"]}],"name":"ZodError"}{"route":"unknown"} 
2024-01-08T07:30:21.022Z [error]: Unhandled Rejection{"issues":[{"code":"custom","message":"Invalid password. It should be at least 8 characters long and contain at least one lowercase letter, one uppercase letter, one digit, and one special character.","path":["password"]}],"name":"ZodError"}{"route":"unknown"} 
2024-01-08T08:07:42.554Z [error]: Unhandled Rejection{"issues":[{"code":"custom","message":"Invalid password. It should be at least 8 characters long and contain at least one lowercase letter, one uppercase letter, one digit, and one special character.","path":["password"]}],"name":"ZodError"}{"route":"unknown"} 
2024-01-08T08:17:43.043Z [error]: Unhandled Rejection{"code":"ERR_HTTP_HEADERS_SENT"}{"route":"unknown"} 
2024-01-08T08:22:36.409Z [error]: Unhandled Rejection{"code":"ERR_HTTP_HEADERS_SENT"}{"route":"unknown"} 
2024-01-08T08:24:19.014Z [error]: Unhandled ErrorTypeError: Cannot read properties of undefined (reading 'exp')
    at authCheck (C:\Practice dev Sathwara\tmdb-api-clone\src\middleware\authMiddleware.ts:22:15)
    at Layer.handle [as handle_request] (C:\Practice dev Sathwara\tmdb-api-clone\node_modules\express\lib\router\layer.js:95:5)
    at next (C:\Practice dev Sathwara\tmdb-api-clone\node_modules\express\lib\router\route.js:144:13)
    at Route.dispatch (C:\Practice dev Sathwara\tmdb-api-clone\node_modules\express\lib\router\route.js:114:3)
    at Layer.handle [as handle_request] (C:\Practice dev Sathwara\tmdb-api-clone\node_modules\express\lib\router\layer.js:95:5)
    at C:\Practice dev Sathwara\tmdb-api-clone\node_modules\express\lib\router\index.js:284:15
    at param (C:\Practice dev Sathwara\tmdb-api-clone\node_modules\express\lib\router\index.js:365:14)
    at param (C:\Practice dev Sathwara\tmdb-api-clone\node_modules\express\lib\router\index.js:376:14)
    at Function.process_params (C:\Practice dev Sathwara\tmdb-api-clone\node_modules\express\lib\router\index.js:421:3)
    at next (C:\Practice dev Sathwara\tmdb-api-clone\node_modules\express\lib\router\index.js:280:10) 
2024-01-08T08:26:02.966Z [error]: Unhandled ErrorTypeError: Cannot read properties of undefined (reading 'exp')
    at authCheck (C:\Practice dev Sathwara\tmdb-api-clone\src\middleware\authMiddleware.ts:22:15)
    at Layer.handle [as handle_request] (C:\Practice dev Sathwara\tmdb-api-clone\node_modules\express\lib\router\layer.js:95:5)
    at next (C:\Practice dev Sathwara\tmdb-api-clone\node_modules\express\lib\router\route.js:144:13)
    at Route.dispatch (C:\Practice dev Sathwara\tmdb-api-clone\node_modules\express\lib\router\route.js:114:3)
    at Layer.handle [as handle_request] (C:\Practice dev Sathwara\tmdb-api-clone\node_modules\express\lib\router\layer.js:95:5)
    at C:\Practice dev Sathwara\tmdb-api-clone\node_modules\express\lib\router\index.js:284:15
    at param (C:\Practice dev Sathwara\tmdb-api-clone\node_modules\express\lib\router\index.js:365:14)
    at param (C:\Practice dev Sathwara\tmdb-api-clone\node_modules\express\lib\router\index.js:376:14)
    at Function.process_params (C:\Practice dev Sathwara\tmdb-api-clone\node_modules\express\lib\router\index.js:421:3)
    at next (C:\Practice dev Sathwara\tmdb-api-clone\node_modules\express\lib\router\index.js:280:10) 
2024-01-08T08:26:57.867Z [error]: Unhandled ErrorTypeError: Cannot read properties of undefined (reading 'exp')
    at authCheck (C:\Practice dev Sathwara\tmdb-api-clone\src\middleware\authMiddleware.ts:22:15)
    at Layer.handle [as handle_request] (C:\Practice dev Sathwara\tmdb-api-clone\node_modules\express\lib\router\layer.js:95:5)
    at next (C:\Practice dev Sathwara\tmdb-api-clone\node_modules\express\lib\router\route.js:144:13)
    at Route.dispatch (C:\Practice dev Sathwara\tmdb-api-clone\node_modules\express\lib\router\route.js:114:3)
    at Layer.handle [as handle_request] (C:\Practice dev Sathwara\tmdb-api-clone\node_modules\express\lib\router\layer.js:95:5)
    at C:\Practice dev Sathwara\tmdb-api-clone\node_modules\express\lib\router\index.js:284:15
    at param (C:\Practice dev Sathwara\tmdb-api-clone\node_modules\express\lib\router\index.js:365:14)
    at param (C:\Practice dev Sathwara\tmdb-api-clone\node_modules\express\lib\router\index.js:376:14)
    at Function.process_params (C:\Practice dev Sathwara\tmdb-api-clone\node_modules\express\lib\router\index.js:421:3)
    at next (C:\Practice dev Sathwara\tmdb-api-clone\node_modules\express\lib\router\index.js:280:10) 
2024-01-08T08:29:51.805Z [error]: Unhandled Error: TypeError: Cannot read properties of undefined (reading 'exp')
    at authCheck (C:\Practice dev Sathwara\tmdb-api-clone\src\middleware\authMiddleware.ts:22:15)
    at Layer.handle [as handle_request] (C:\Practice dev Sathwara\tmdb-api-clone\node_modules\express\lib\router\layer.js:95:5)
    at next (C:\Practice dev Sathwara\tmdb-api-clone\node_modules\express\lib\router\route.js:144:13)
    at Route.dispatch (C:\Practice dev Sathwara\tmdb-api-clone\node_modules\express\lib\router\route.js:114:3)
    at Layer.handle [as handle_request] (C:\Practice dev Sathwara\tmdb-api-clone\node_modules\express\lib\router\layer.js:95:5)
    at C:\Practice dev Sathwara\tmdb-api-clone\node_modules\express\lib\router\index.js:284:15
    at param (C:\Practice dev Sathwara\tmdb-api-clone\node_modules\express\lib\router\index.js:365:14)
    at param (C:\Practice dev Sathwara\tmdb-api-clone\node_modules\express\lib\router\index.js:376:14)
    at Function.process_params (C:\Practice dev Sathwara\tmdb-api-clone\node_modules\express\lib\router\index.js:421:3)
    at next (C:\Practice dev Sathwara\tmdb-api-clone\node_modules\express\lib\router\index.js:280:10) 
2024-01-08T08:31:08.074Z [error]: Unhandled Error: TypeError: Cannot read properties of undefined (reading 'exp')
    at authCheck (C:\Practice dev Sathwara\tmdb-api-clone\src\middleware\authMiddleware.ts:22:15)
    at Layer.handle [as handle_request] (C:\Practice dev Sathwara\tmdb-api-clone\node_modules\express\lib\router\layer.js:95:5)
    at next (C:\Practice dev Sathwara\tmdb-api-clone\node_modules\express\lib\router\route.js:144:13)
    at Route.dispatch (C:\Practice dev Sathwara\tmdb-api-clone\node_modules\express\lib\router\route.js:114:3)
    at Layer.handle [as handle_request] (C:\Practice dev Sathwara\tmdb-api-clone\node_modules\express\lib\router\layer.js:95:5)
    at C:\Practice dev Sathwara\tmdb-api-clone\node_modules\express\lib\router\index.js:284:15
    at param (C:\Practice dev Sathwara\tmdb-api-clone\node_modules\express\lib\router\index.js:365:14)
    at param (C:\Practice dev Sathwara\tmdb-api-clone\node_modules\express\lib\router\index.js:376:14)
    at Function.process_params (C:\Practice dev Sathwara\tmdb-api-clone\node_modules\express\lib\router\index.js:421:3)
    at next (C:\Practice dev Sathwara\tmdb-api-clone\node_modules\express\lib\router\index.js:280:10){"path":"/getComments/:mid","stack":[{"name":"authCheck","keys":[],"regexp":{"fast_star":false,"fast_slash":false},"method":"get"},{"name":"checkVerifyEmail","keys":[],"regexp":{"fast_star":false,"fast_slash":false},"method":"get"},{"name":"getComments","keys":[],"regexp":{"fast_star":false,"fast_slash":false},"method":"get"}],"methods":{"get":true}} 
2024-01-08T08:31:40.377Z [error]: Unhandled Error: TypeError: Cannot read properties of undefined (reading 'exp')
    at authCheck (C:\Practice dev Sathwara\tmdb-api-clone\src\middleware\authMiddleware.ts:22:15)
    at Layer.handle [as handle_request] (C:\Practice dev Sathwara\tmdb-api-clone\node_modules\express\lib\router\layer.js:95:5)
    at next (C:\Practice dev Sathwara\tmdb-api-clone\node_modules\express\lib\router\route.js:144:13)
    at Route.dispatch (C:\Practice dev Sathwara\tmdb-api-clone\node_modules\express\lib\router\route.js:114:3)
    at Layer.handle [as handle_request] (C:\Practice dev Sathwara\tmdb-api-clone\node_modules\express\lib\router\layer.js:95:5)
    at C:\Practice dev Sathwara\tmdb-api-clone\node_modules\express\lib\router\index.js:284:15
    at param (C:\Practice dev Sathwara\tmdb-api-clone\node_modules\express\lib\router\index.js:365:14)
    at param (C:\Practice dev Sathwara\tmdb-api-clone\node_modules\express\lib\router\index.js:376:14)
    at Function.process_params (C:\Practice dev Sathwara\tmdb-api-clone\node_modules\express\lib\router\index.js:421:3)
    at next (C:\Practice dev Sathwara\tmdb-api-clone\node_modules\express\lib\router\index.js:280:10)  {"path":"/getComments/:mid","stack":[{"name":"authCheck","keys":[],"regexp":{"fast_star":false,"fast_slash":false},"method":"get"},{"name":"checkVerifyEmail","keys":[],"regexp":{"fast_star":false,"fast_slash":false},"method":"get"},{"name":"getComments","keys":[],"regexp":{"fast_star":false,"fast_slash":false},"method":"get"}],"methods":{"get":true}} 
2024-01-08T08:32:48.875Z [error]: Unhandled Error: TypeError: Cannot read properties of undefined (reading 'exp')
    at authCheck (C:\Practice dev Sathwara\tmdb-api-clone\src\middleware\authMiddleware.ts:22:15)
    at Layer.handle [as handle_request] (C:\Practice dev Sathwara\tmdb-api-clone\node_modules\express\lib\router\layer.js:95:5)
    at next (C:\Practice dev Sathwara\tmdb-api-clone\node_modules\express\lib\router\route.js:144:13)
    at Route.dispatch (C:\Practice dev Sathwara\tmdb-api-clone\node_modules\express\lib\router\route.js:114:3)
    at Layer.handle [as handle_request] (C:\Practice dev Sathwara\tmdb-api-clone\node_modules\express\lib\router\layer.js:95:5)
    at C:\Practice dev Sathwara\tmdb-api-clone\node_modules\express\lib\router\index.js:284:15
    at param (C:\Practice dev Sathwara\tmdb-api-clone\node_modules\express\lib\router\index.js:365:14)
    at param (C:\Practice dev Sathwara\tmdb-api-clone\node_modules\express\lib\router\index.js:376:14)
    at Function.process_params (C:\Practice dev Sathwara\tmdb-api-clone\node_modules\express\lib\router\index.js:421:3)
    at next (C:\Practice dev Sathwara\tmdb-api-clone\node_modules\express\lib\router\index.js:280:10)  "/getComments/:mid" 
2024-01-08T08:33:21.831Z [error]: "/getComments/:mid"  Unhandled Error: TypeError: Cannot read properties of undefined (reading 'exp')
    at authCheck (C:\Practice dev Sathwara\tmdb-api-clone\src\middleware\authMiddleware.ts:22:15)
    at Layer.handle [as handle_request] (C:\Practice dev Sathwara\tmdb-api-clone\node_modules\express\lib\router\layer.js:95:5)
    at next (C:\Practice dev Sathwara\tmdb-api-clone\node_modules\express\lib\router\route.js:144:13)
    at Route.dispatch (C:\Practice dev Sathwara\tmdb-api-clone\node_modules\express\lib\router\route.js:114:3)
    at Layer.handle [as handle_request] (C:\Practice dev Sathwara\tmdb-api-clone\node_modules\express\lib\router\layer.js:95:5)
    at C:\Practice dev Sathwara\tmdb-api-clone\node_modules\express\lib\router\index.js:284:15
    at param (C:\Practice dev Sathwara\tmdb-api-clone\node_modules\express\lib\router\index.js:365:14)
    at param (C:\Practice dev Sathwara\tmdb-api-clone\node_modules\express\lib\router\index.js:376:14)
    at Function.process_params (C:\Practice dev Sathwara\tmdb-api-clone\node_modules\express\lib\router\index.js:421:3)
    at next (C:\Practice dev Sathwara\tmdb-api-clone\node_modules\express\lib\router\index.js:280:10) 
2024-01-08T08:34:16.509Z [error]: "/getComments/:mid"  Unhandled Error: TypeError: Cannot read properties of undefined (reading 'exp')
    at authCheck (C:\Practice dev Sathwara\tmdb-api-clone\src\middleware\authMiddleware.ts:22:15)
    at Layer.handle [as handle_request] (C:\Practice dev Sathwara\tmdb-api-clone\node_modules\express\lib\router\layer.js:95:5)
    at next (C:\Practice dev Sathwara\tmdb-api-clone\node_modules\express\lib\router\route.js:144:13)
    at Route.dispatch (C:\Practice dev Sathwara\tmdb-api-clone\node_modules\express\lib\router\route.js:114:3)
    at Layer.handle [as handle_request] (C:\Practice dev Sathwara\tmdb-api-clone\node_modules\express\lib\router\layer.js:95:5)
    at C:\Practice dev Sathwara\tmdb-api-clone\node_modules\express\lib\router\index.js:284:15
    at param (C:\Practice dev Sathwara\tmdb-api-clone\node_modules\express\lib\router\index.js:365:14)
    at param (C:\Practice dev Sathwara\tmdb-api-clone\node_modules\express\lib\router\index.js:376:14)
    at Function.process_params (C:\Practice dev Sathwara\tmdb-api-clone\node_modules\express\lib\router\index.js:421:3)
    at next (C:\Practice dev Sathwara\tmdb-api-clone\node_modules\express\lib\router\index.js:280:10) 
2024-01-08T08:34:53.874Z [error]: Unhandled Rejection{}{"route":"unknown"} 
2024-01-08T08:36:25.090Z [error]: Unhandled Rejection{}{"route":"unknown"} 
2024-01-08T08:36:44.652Z [error]: Unhandled Rejection{}{"route":"unknown"} 
